<?xml version="1.0" encoding="UTF-8"?>
<testng-results ignored="0" total="1" passed="1" failed="0" skipped="0">
  <reporter-output>
  </reporter-output>
  <suite started-at="2022-06-02T21:16:00 IST" name="Default suite" finished-at="2022-06-02T21:16:50 IST" duration-ms="50161">
    <groups>
    </groups>
    <test started-at="2022-06-02T21:16:00 IST" name="Default test" finished-at="2022-06-02T21:16:50 IST" duration-ms="50161">
      <class name="test.testng1">
        <test-method is-config="true" signature="beforsuite()[pri:0, instance:test.testng1@67c27493]" started-at="2022-06-02T21:15:59 IST" name="beforsuite" finished-at="2022-06-02T21:16:00 IST" duration-ms="660" status="PASS">
          <reporter-output>
          </reporter-output>
        </test-method> <!-- beforsuite -->
        <test-method is-config="true" signature="befortest()[pri:0, instance:test.testng1@67c27493]" started-at="2022-06-02T21:16:00 IST" name="befortest" finished-at="2022-06-02T21:16:22 IST" duration-ms="22076" status="PASS">
          <reporter-output>
          </reporter-output>
        </test-method> <!-- befortest -->
        <test-method signature="login()[pri:0, instance:test.testng1@67c27493]" started-at="2022-06-02T21:16:22 IST" name="login" finished-at="2022-06-02T21:16:49 IST" duration-ms="27183" status="PASS">
          <reporter-output>
          </reporter-output>
        </test-method> <!-- login -->
        <test-method is-config="true" signature="aftertest()[pri:0, instance:test.testng1@67c27493]" started-at="2022-06-02T21:16:49 IST" name="aftertest" finished-at="2022-06-02T21:16:50 IST" duration-ms="820" status="PASS">
          <reporter-output>
          </reporter-output>
        </test-method> <!-- aftertest -->
        <test-method is-config="true" signature="afetrsuite()[pri:0, instance:test.testng1@67c27493]" started-at="2022-06-02T21:16:50 IST" name="afetrsuite" finished-at="2022-06-02T21:16:51 IST" duration-ms="426" status="PASS">
          <reporter-output>
          </reporter-output>
        </test-method> <!-- afetrsuite -->
      </class> <!-- test.testng1 -->
    </test> <!-- Default test -->
  </suite> <!-- Default suite -->
</testng-results>
